Using pre-set license
Built from '2020.2/release' branch; Version is '2020.2.1f1 (270dd8c3da1c) revision 2559448'; Using compiler version '192528614'; Build Type 'Release'
OS: 'Windows 10  (10.0.0) 64bit' Language: 'en' Physical Memory: 8035 MB
BatchMode: 1, IsHumanControllingUs: 0, StartBugReporterOnCrash: 0, Is64bit: 1, IsPro: 0

 COMMAND LINE ARGUMENTS:
C:\Program Files\Unity\Hub\Editor\2020.2.1f1\Editor\Unity.exe
-adb2
-batchMode
-noUpm
-name
AssetImportWorker0
-projectPath
C:/Users/AaronW/Documents/Unity/Hive Mind
-logFile
Logs/AssetImportWorker0.log
-srvPort
60761
Successfully changed project path to: C:/Users/AaronW/Documents/Unity/Hive Mind
C:/Users/AaronW/Documents/Unity/Hive Mind
Using Asset Import Pipeline V2.
Refreshing native plugins compatible for Editor in 46.67 ms, found 0 plugins.
Preloading 0 native plugins for Editor in 0.00 ms.
Initialize engine version: 2020.2.1f1 (270dd8c3da1c)
[Subsystems] Discovering subsystems at path C:/Program Files/Unity/Hub/Editor/2020.2.1f1/Editor/Data/Resources/UnitySubsystems
[Subsystems] Discovering subsystems at path C:/Users/AaronW/Documents/Unity/Hive Mind/Assets
GfxDevice: creating device client; threaded=0
Direct3D:
    Version:  Direct3D 11.0 [level 11.1]
    Renderer: Intel(R) HD Graphics 620 (ID=0x5916)
    Vendor:   
    VRAM:     4017 MB
    Driver:   21.20.16.4550
Initialize mono
Mono path[0] = 'C:/Program Files/Unity/Hub/Editor/2020.2.1f1/Editor/Data/Managed'
Mono path[1] = 'C:/Program Files/Unity/Hub/Editor/2020.2.1f1/Editor/Data/MonoBleedingEdge/lib/mono/unityjit'
Mono config path = 'C:/Program Files/Unity/Hub/Editor/2020.2.1f1/Editor/Data/MonoBleedingEdge/etc'
Using monoOptions --debugger-agent=transport=dt_socket,embedding=1,server=y,suspend=n,address=127.0.0.1:56472
Begin MonoManager ReloadAssembly
Registering precompiled unity dll's ...
Register platform support module: C:/Program Files/Unity/Hub/Editor/2020.2.1f1/Editor/Data/PlaybackEngines/WebGLSupport/UnityEditor.WebGL.Extensions.dll
Register platform support module: C:/Program Files/Unity/Hub/Editor/2020.2.1f1/Editor/Data/PlaybackEngines/WindowsStandaloneSupport/UnityEditor.WindowsStandalone.Extensions.dll
Registered in 0.005029 seconds.
Native extension for WindowsStandalone target not found
Native extension for WebGL target not found
Refreshing native plugins compatible for Editor in 46.61 ms, found 0 plugins.
Preloading 0 native plugins for Editor in 0.00 ms.
Invoked RoslynAnalysisRunner static constructor.
RoslynAnalysisRunner will not be running.
RoslynAnalysisRunner has terminated.
Mono: successfully reloaded assembly
- Completed reload, in  2.075 seconds
Platform modules already initialized, skipping
Registering precompiled user dll's ...
Registered in 0.003675 seconds.
Begin MonoManager ReloadAssembly
Native extension for WindowsStandalone target not found
Native extension for WebGL target not found
Refreshing native plugins compatible for Editor in 0.29 ms, found 0 plugins.
Preloading 0 native plugins for Editor in 0.00 ms.
Invoked RoslynAnalysisRunner static constructor.
RoslynAnalysisRunner will not be running.
RoslynAnalysisRunner has terminated.
Mono: successfully reloaded assembly
- Completed reload, in  1.410 seconds
Platform modules already initialized, skipping
========================================================================
Worker process is ready to serve import requests
Launched and connected shader compiler UnityShaderCompiler.exe after 0.08 seconds
Refreshing native plugins compatible for Editor in 0.47 ms, found 0 plugins.
Preloading 0 native plugins for Editor in 0.00 ms.
Unloading 1149 Unused Serialized files (Serialized files now loaded: 0)
System memory in use before: 59.7 MB.
System memory in use after: 59.8 MB.

Unloading 10 unused Assets to reduce memory usage. Loaded Objects now: 1588.
Total: 2.281800 ms (FindLiveObjects: 0.235900 ms CreateObjectMapping: 0.090000 ms MarkObjects: 1.866600 ms  DeleteObjects: 0.087000 ms)

========================================================================
Received Import Request.
  path: Assets/Audio/Exit.wav
  artifactKey: Guid(7d775e7f1b3e7e9448523c31c6153540) Importer(815301076,1909f56bfc062723c751e8b465ee728b)
Start importing Assets/Audio/Exit.wav using Guid(7d775e7f1b3e7e9448523c31c6153540) Importer(815301076,1909f56bfc062723c751e8b465ee728b)  -> (artifact id: 'acc3b37091fd35d7d9c78383b1132a64') in 0.289816 seconds
  Import took 0.294776 seconds .

========================================================================
Received Import Request.
  Time since last request: 0.033131 seconds.
  path: Assets/Scenes/Level19.unity
  artifactKey: Guid(2f0d9a6ac28509840b0095f578c7d5bc) Importer(815301076,1909f56bfc062723c751e8b465ee728b)
Start importing Assets/Scenes/Level19.unity using Guid(2f0d9a6ac28509840b0095f578c7d5bc) Importer(815301076,1909f56bfc062723c751e8b465ee728b)  -> (artifact id: '2163715f6703fc55dd1247ae42d22cdd') in 0.013579 seconds
  Import took 0.017282 seconds .

========================================================================
Received Import Request.
  Time since last request: 0.034063 seconds.
  path: Assets/TextMesh Pro/Shaders/TMP_SDF SSD.shader
  artifactKey: Guid(14eb328de4b8eb245bb7cea29e4ac00b) Importer(815301076,1909f56bfc062723c751e8b465ee728b)
Start importing Assets/TextMesh Pro/Shaders/TMP_SDF SSD.shader using Guid(14eb328de4b8eb245bb7cea29e4ac00b) Importer(815301076,1909f56bfc062723c751e8b465ee728b)  -> (artifact id: '03e81674675f19c19c02ea59ff736f64') in 0.015087 seconds
  Import took 0.018466 seconds .

========================================================================
Received Import Request.
  Time since last request: 0.028609 seconds.
  path: Assets/TextMesh Pro/Shaders/TMP_SDF.shader
  artifactKey: Guid(68e6db2ebdc24f95958faec2be5558d6) Importer(815301076,1909f56bfc062723c751e8b465ee728b)
Start importing Assets/TextMesh Pro/Shaders/TMP_SDF.shader using Guid(68e6db2ebdc24f95958faec2be5558d6) Importer(815301076,1909f56bfc062723c751e8b465ee728b)  -> (artifact id: 'c44130a185556d137825ec7fec938d10') in 0.011099 seconds
  Import took 0.016471 seconds .

========================================================================
Received Import Request.
  Time since last request: 0.008996 seconds.
  path: Assets/TextMesh Pro/Shaders/TMPro_Surface.cginc
  artifactKey: Guid(d930090c0cd643c7b55f19a38538c162) Importer(815301076,1909f56bfc062723c751e8b465ee728b)
Start importing Assets/TextMesh Pro/Shaders/TMPro_Surface.cginc using Guid(d930090c0cd643c7b55f19a38538c162) Importer(815301076,1909f56bfc062723c751e8b465ee728b)  -> (artifact id: 'bed04247b1cd716d79121e7ebcbe3833') in 0.016599 seconds
  Import took 0.022345 seconds .

========================================================================
Received Import Request.
  Time since last request: 0.052577 seconds.
  path: Assets/Audio/Win.wav
  artifactKey: Guid(fe1eb219eefb469428cfd3b5f265ffa5) Importer(815301076,1909f56bfc062723c751e8b465ee728b)
Start importing Assets/Audio/Win.wav using Guid(fe1eb219eefb469428cfd3b5f265ffa5) Importer(815301076,1909f56bfc062723c751e8b465ee728b)  -> (artifact id: 'b7926dab52630bd305548bd54ebdf715') in 0.022662 seconds
  Import took 0.026576 seconds .

========================================================================
Received Import Request.
  Time since last request: 0.016880 seconds.
  path: Assets/Scenes/Level40.unity
  artifactKey: Guid(35ac3a54847d1cc499fd5275173eb2eb) Importer(815301076,1909f56bfc062723c751e8b465ee728b)
Start importing Assets/Scenes/Level40.unity using Guid(35ac3a54847d1cc499fd5275173eb2eb) Importer(815301076,1909f56bfc062723c751e8b465ee728b)  -> (artifact id: '778f0a20d7274f7d96792837a81565a7') in 0.009406 seconds
  Import took 0.013518 seconds .

========================================================================
Received Import Request.
  Time since last request: 0.025246 seconds.
  path: Assets/TextMesh Pro/Shaders/TMP_SDF-Mobile.shader
  artifactKey: Guid(fe393ace9b354375a9cb14cdbbc28be4) Importer(815301076,1909f56bfc062723c751e8b465ee728b)
Start importing Assets/TextMesh Pro/Shaders/TMP_SDF-Mobile.shader using Guid(fe393ace9b354375a9cb14cdbbc28be4) Importer(815301076,1909f56bfc062723c751e8b465ee728b)  -> (artifact id: '02ef4e6e6f26d3fd9ffeb50ba4151596') in 0.008627 seconds
  Import took 0.012497 seconds .

========================================================================
Received Import Request.
  Time since last request: 0.008388 seconds.
  path: Assets/Scenes/Level55.unity
  artifactKey: Guid(a7c799f9581915d47af22b7fff86fd80) Importer(815301076,1909f56bfc062723c751e8b465ee728b)
Start importing Assets/Scenes/Level55.unity using Guid(a7c799f9581915d47af22b7fff86fd80) Importer(815301076,1909f56bfc062723c751e8b465ee728b)  -> (artifact id: '26298fef7456b284de045367c8680997') in 0.007216 seconds
  Import took 0.011428 seconds .

========================================================================
Received Import Request.
  Time since last request: 0.007530 seconds.
  path: Assets/Scenes/Level30.unity
  artifactKey: Guid(fca951449847f914db7a918bbc6fc5f8) Importer(815301076,1909f56bfc062723c751e8b465ee728b)
Start importing Assets/Scenes/Level30.unity using Guid(fca951449847f914db7a918bbc6fc5f8) Importer(815301076,1909f56bfc062723c751e8b465ee728b)  -> (artifact id: 'd70644c4421d8ae896b121c1c2e5cd5d') in 0.006997 seconds
  Import took 0.011189 seconds .

========================================================================
Received Import Request.
  Time since last request: 0.009344 seconds.
  path: Assets/TextMesh Pro/Resources/Fonts & Materials/ShortStack-Regular SDF.asset
  artifactKey: Guid(1e41f612c929dbc408bfb24498867dc8) Importer(815301076,1909f56bfc062723c751e8b465ee728b)
Start importing Assets/TextMesh Pro/Resources/Fonts & Materials/ShortStack-Regular SDF.asset using Guid(1e41f612c929dbc408bfb24498867dc8) Importer(815301076,1909f56bfc062723c751e8b465ee728b)  -> (artifact id: 'a6c5101f9a0c60f7af95b0308a32992a') in 0.148208 seconds
  Import took 0.153257 seconds .

========================================================================
Received Import Request.
  Time since last request: 0.021823 seconds.
  path: Assets/Scenes/Level60.unity
  artifactKey: Guid(ff2dda65e8434a345babe7a0991d6c85) Importer(815301076,1909f56bfc062723c751e8b465ee728b)
Start importing Assets/Scenes/Level60.unity using Guid(ff2dda65e8434a345babe7a0991d6c85) Importer(815301076,1909f56bfc062723c751e8b465ee728b)  -> (artifact id: '963af4b01dabac2af4ea2d917742ad02') in 0.008055 seconds
  Import took 0.013956 seconds .

========================================================================
Received Import Request.
  Time since last request: 0.022235 seconds.
  path: Assets/Audio/Next.wav
  artifactKey: Guid(29ced94e24b3a02478347048e06a082f) Importer(815301076,1909f56bfc062723c751e8b465ee728b)
Start importing Assets/Audio/Next.wav using Guid(29ced94e24b3a02478347048e06a082f) Importer(815301076,1909f56bfc062723c751e8b465ee728b)  -> (artifact id: 'dd6aebbe1ac87516bb65427ec49e5e31') in 0.021618 seconds
  Import took 0.026016 seconds .

========================================================================
Received Import Request.
  Time since last request: 0.026183 seconds.
  path: Assets/TextMesh Pro/Shaders/TMP_Bitmap.shader
  artifactKey: Guid(128e987d567d4e2c824d754223b3f3b0) Importer(815301076,1909f56bfc062723c751e8b465ee728b)
Start importing Assets/TextMesh Pro/Shaders/TMP_Bitmap.shader using Guid(128e987d567d4e2c824d754223b3f3b0) Importer(815301076,1909f56bfc062723c751e8b465ee728b)  -> (artifact id: '7f9a03ce5d07e99682f832461b5221ae') in 0.010016 seconds
  Import took 0.015611 seconds .

========================================================================
Received Import Request.
  Time since last request: 0.007740 seconds.
  path: Assets/TextMesh Pro/Shaders/TMP_SDF-Mobile SSD.shader
  artifactKey: Guid(c8d12adcee749c344b8117cf7c7eb912) Importer(815301076,1909f56bfc062723c751e8b465ee728b)
Start importing Assets/TextMesh Pro/Shaders/TMP_SDF-Mobile SSD.shader using Guid(c8d12adcee749c344b8117cf7c7eb912) Importer(815301076,1909f56bfc062723c751e8b465ee728b)  -> (artifact id: 'ab1286e6e89908ff062415436a6173bb') in 0.005993 seconds
  Import took 0.009776 seconds .

========================================================================
Received Import Request.
  Time since last request: 0.027737 seconds.
  path: Assets/Audio/Select.wav
  artifactKey: Guid(373a1f74e20586e4ca23c1170613395a) Importer(815301076,1909f56bfc062723c751e8b465ee728b)
Start importing Assets/Audio/Select.wav using Guid(373a1f74e20586e4ca23c1170613395a) Importer(815301076,1909f56bfc062723c751e8b465ee728b)  -> (artifact id: 'dbfb45032e70bd93c0e125b896205ca4') in 0.017708 seconds
  Import took 0.021296 seconds .

========================================================================
Received Import Request.
  Time since last request: 0.017019 seconds.
  path: Assets/TextMesh Pro/Resources/LineBreaking Following Characters.txt
  artifactKey: Guid(fade42e8bc714b018fac513c043d323b) Importer(815301076,1909f56bfc062723c751e8b465ee728b)
Start importing Assets/TextMesh Pro/Resources/LineBreaking Following Characters.txt using Guid(fade42e8bc714b018fac513c043d323b) Importer(815301076,1909f56bfc062723c751e8b465ee728b)  -> (artifact id: '56d18c9b43eb0c29fcb9b8cf12322343') in 0.014471 seconds
  Import took 0.018954 seconds .

========================================================================
Received Import Request.
  Time since last request: 0.040673 seconds.
  path: Assets/TextMesh Pro/Sprites/EmojiOne.json
  artifactKey: Guid(8f05276190cf498a8153f6cbe761d4e6) Importer(815301076,1909f56bfc062723c751e8b465ee728b)
Start importing Assets/TextMesh Pro/Sprites/EmojiOne.json using Guid(8f05276190cf498a8153f6cbe761d4e6) Importer(815301076,1909f56bfc062723c751e8b465ee728b)  -> (artifact id: 'f40579d836cef0de32ee039e4ca19633') in 0.019722 seconds
  Import took 0.024714 seconds .

========================================================================
Received Import Request.
  Time since last request: 0.015150 seconds.
  path: Assets/Scenes/Level11.unity
  artifactKey: Guid(1c102d50fc3d2d74a87b3c1b32cc482c) Importer(815301076,1909f56bfc062723c751e8b465ee728b)
Start importing Assets/Scenes/Level11.unity using Guid(1c102d50fc3d2d74a87b3c1b32cc482c) Importer(815301076,1909f56bfc062723c751e8b465ee728b)  -> (artifact id: '40b58818a8cbe514ae193c75ec889f05') in 0.008757 seconds
  Import took 0.013102 seconds .

========================================================================
Received Import Request.
  Time since last request: 0.015426 seconds.
  path: Assets/Scenes/Level7.unity
  artifactKey: Guid(396699ec076d67243b2484be29d95117) Importer(815301076,1909f56bfc062723c751e8b465ee728b)
Start importing Assets/Scenes/Level7.unity using Guid(396699ec076d67243b2484be29d95117) Importer(815301076,1909f56bfc062723c751e8b465ee728b)  -> (artifact id: 'd6dc891ba6dfa81f78f5a03b807e6efe') in 0.009348 seconds
  Import took 0.012811 seconds .

========================================================================
Received Import Request.
  Time since last request: 0.040207 seconds.
  path: Assets/Scenes/Level59.unity
  artifactKey: Guid(b1d5cdb1be26cdd44a9f6b77b978b24c) Importer(815301076,1909f56bfc062723c751e8b465ee728b)
Start importing Assets/Scenes/Level59.unity using Guid(b1d5cdb1be26cdd44a9f6b77b978b24c) Importer(815301076,1909f56bfc062723c751e8b465ee728b)  -> (artifact id: '90a63f75d52a69ebd0168bac8c6c334f') in 0.006969 seconds
  Import took 0.014231 seconds .

========================================================================
Received Import Request.
  Time since last request: 0.013462 seconds.
  path: Assets/Scenes/Level1.unity
  artifactKey: Guid(2b7e036f244d82d4da81dd046d3d61ca) Importer(815301076,1909f56bfc062723c751e8b465ee728b)
Start importing Assets/Scenes/Level1.unity using Guid(2b7e036f244d82d4da81dd046d3d61ca) Importer(815301076,1909f56bfc062723c751e8b465ee728b)  -> (artifact id: '101f1502f4460d133083a7c9a36a55ca') in 0.010432 seconds
  Import took 0.015338 seconds .

========================================================================
Received Import Request.
  Time since last request: 0.031970 seconds.
  path: Assets/Scenes/Level3.unity
  artifactKey: Guid(a28db2553e4386b429ac2bb15a714c54) Importer(815301076,1909f56bfc062723c751e8b465ee728b)
Start importing Assets/Scenes/Level3.unity using Guid(a28db2553e4386b429ac2bb15a714c54) Importer(815301076,1909f56bfc062723c751e8b465ee728b)  -> (artifact id: 'a3c1c64d5110d944799da63eb424aee7') in 0.011493 seconds
  Import took 0.021089 seconds .

========================================================================
Received Import Request.
  Time since last request: 0.008199 seconds.
  path: Assets/Scenes/Level41.unity
  artifactKey: Guid(3cc0cf988ae63f5438d21ce50f244b88) Importer(815301076,1909f56bfc062723c751e8b465ee728b)
Start importing Assets/Scenes/Level41.unity using Guid(3cc0cf988ae63f5438d21ce50f244b88) Importer(815301076,1909f56bfc062723c751e8b465ee728b)  -> (artifact id: 'c3509fb6eeb00a66cbb582301044a523') in 0.013216 seconds
  Import took 0.016944 seconds .

========================================================================
Received Import Request.
  Time since last request: 0.048569 seconds.
  path: Assets/TextMesh Pro/Resources/Fonts & Materials/Righteous-Regular SDF.asset
  artifactKey: Guid(877304699769a1d44bc492ea0840b48f) Importer(815301076,1909f56bfc062723c751e8b465ee728b)
Start importing Assets/TextMesh Pro/Resources/Fonts & Materials/Righteous-Regular SDF.asset using Guid(877304699769a1d44bc492ea0840b48f) Importer(815301076,1909f56bfc062723c751e8b465ee728b)  -> (artifact id: 'e1e6c5a41c6386b912aaa8905efa473f') in 0.056140 seconds
  Import took 0.061249 seconds .

========================================================================
Received Import Request.
  Time since last request: 0.030147 seconds.
  path: Assets/Scenes/Level12.unity
  artifactKey: Guid(2100bfca9a0eb544cb20d16aaf718416) Importer(815301076,1909f56bfc062723c751e8b465ee728b)
Start importing Assets/Scenes/Level12.unity using Guid(2100bfca9a0eb544cb20d16aaf718416) Importer(815301076,1909f56bfc062723c751e8b465ee728b)  -> (artifact id: '5d8a4b570f9b6058d25c8f415aa74ed8') in 0.007028 seconds
  Import took 0.010206 seconds .

========================================================================
Received Import Request.
  Time since last request: 0.023228 seconds.
  path: Assets/Scenes/Level4.unity
  artifactKey: Guid(8a2baf9a3dada76419d7aee9fbe702a9) Importer(815301076,1909f56bfc062723c751e8b465ee728b)
Start importing Assets/Scenes/Level4.unity using Guid(8a2baf9a3dada76419d7aee9fbe702a9) Importer(815301076,1909f56bfc062723c751e8b465ee728b)  -> (artifact id: '125a7f9508a09e422e8def1842ab7efb') in 0.008359 seconds
  Import took 0.012259 seconds .

========================================================================
Received Import Request.
  Time since last request: 0.012339 seconds.
  path: Assets/TextMesh Pro/Shaders/TMP_Bitmap-Custom-Atlas.shader
  artifactKey: Guid(48bb5f55d8670e349b6e614913f9d910) Importer(815301076,1909f56bfc062723c751e8b465ee728b)
Start importing Assets/TextMesh Pro/Shaders/TMP_Bitmap-Custom-Atlas.shader using Guid(48bb5f55d8670e349b6e614913f9d910) Importer(815301076,1909f56bfc062723c751e8b465ee728b)  -> (artifact id: '55d59dcfe9fc6ceff1d542415b3cfd52') in 0.011391 seconds
  Import took 0.017372 seconds .

========================================================================
Received Import Request.
  Time since last request: 0.008415 seconds.
  path: Assets/Scenes/MainMenu.unity
  artifactKey: Guid(6fd465e0f602dc54cb576bfe3c47da47) Importer(815301076,1909f56bfc062723c751e8b465ee728b)
Start importing Assets/Scenes/MainMenu.unity using Guid(6fd465e0f602dc54cb576bfe3c47da47) Importer(815301076,1909f56bfc062723c751e8b465ee728b)  -> (artifact id: '8944c3440b0dae33fbe2fafedfadeb9b') in 0.007262 seconds
  Import took 0.010978 seconds .

========================================================================
Received Import Request.
  Time since last request: 0.028544 seconds.
  path: Assets/TextMesh Pro/Shaders/TMP_SDF-Surface-Mobile.shader
  artifactKey: Guid(85187c2149c549c5b33f0cdb02836b17) Importer(815301076,1909f56bfc062723c751e8b465ee728b)
Start importing Assets/TextMesh Pro/Shaders/TMP_SDF-Surface-Mobile.shader using Guid(85187c2149c549c5b33f0cdb02836b17) Importer(815301076,1909f56bfc062723c751e8b465ee728b)  -> (artifact id: '879c30d19aeaa4b1fe061aba296cb09b') in 0.007833 seconds
  Import took 0.011077 seconds .

========================================================================
Received Import Request.
  Time since last request: 0.006800 seconds.
  path: Assets/TextMesh Pro/Shaders/TMPro_Properties.cginc
  artifactKey: Guid(3997e2241185407d80309a82f9148466) Importer(815301076,1909f56bfc062723c751e8b465ee728b)
Start importing Assets/TextMesh Pro/Shaders/TMPro_Properties.cginc using Guid(3997e2241185407d80309a82f9148466) Importer(815301076,1909f56bfc062723c751e8b465ee728b)  -> (artifact id: 'd62463d475e165cf4b20c3f0a1bcf15d') in 0.007364 seconds
  Import took 0.010680 seconds .

========================================================================
Received Import Request.
  Time since last request: 0.049063 seconds.
  path: Assets/Audio/Undo.wav
  artifactKey: Guid(93fa44dc7a2dda148aa87da5ad9fb7fa) Importer(815301076,1909f56bfc062723c751e8b465ee728b)
Start importing Assets/Audio/Undo.wav using Guid(93fa44dc7a2dda148aa87da5ad9fb7fa) Importer(815301076,1909f56bfc062723c751e8b465ee728b)  -> (artifact id: '17827d11e877ffaa543b9267f44275c6') in 0.017970 seconds
  Import took 0.021389 seconds .

========================================================================
Received Import Request.
  Time since last request: 0.008769 seconds.
  path: Assets/Scenes/Level13.unity
  artifactKey: Guid(47613a6cfa88ffc44b0f9d285651d9f9) Importer(815301076,1909f56bfc062723c751e8b465ee728b)
Start importing Assets/Scenes/Level13.unity using Guid(47613a6cfa88ffc44b0f9d285651d9f9) Importer(815301076,1909f56bfc062723c751e8b465ee728b)  -> (artifact id: '0f87cd9bf902d96a7e8caf432d4eeb87') in 0.006896 seconds
  Import took 0.009872 seconds .

========================================================================
Received Import Request.
  Time since last request: 0.082726 seconds.
  path: Assets/Audio/Beesting Swing.wav
  artifactKey: Guid(8f724ba6369d5a241a7091a5599b0df1) Importer(815301076,1909f56bfc062723c751e8b465ee728b)
Start importing Assets/Audio/Beesting Swing.wav using Guid(8f724ba6369d5a241a7091a5599b0df1) Importer(815301076,1909f56bfc062723c751e8b465ee728b)  -> (artifact id: 'b78855cb61310cf0011e8ebe554062b2') in 0.022314 seconds
  Import took 0.025945 seconds .

========================================================================
Received Import Request.
  Time since last request: 0.033706 seconds.
  path: Assets/TextMesh Pro/Shaders/TMPro.cginc
  artifactKey: Guid(407bc68d299748449bbf7f48ee690f8d) Importer(815301076,1909f56bfc062723c751e8b465ee728b)
Start importing Assets/TextMesh Pro/Shaders/TMPro.cginc using Guid(407bc68d299748449bbf7f48ee690f8d) Importer(815301076,1909f56bfc062723c751e8b465ee728b)  -> (artifact id: 'b33ec56419e6814eda5124001c4ef5c1') in 0.012593 seconds
  Import took 0.016121 seconds .

========================================================================
Received Import Request.
  Time since last request: 0.051193 seconds.
  path: Assets/TextMesh Pro/Resources/Style Sheets
  artifactKey: Guid(4aecb92fff08436c8303b10eab8da368) Importer(815301076,1909f56bfc062723c751e8b465ee728b)
Start importing Assets/TextMesh Pro/Resources/Style Sheets using Guid(4aecb92fff08436c8303b10eab8da368) Importer(815301076,1909f56bfc062723c751e8b465ee728b)  -> (artifact id: '252cb572d6ec290dde63707fe3b5cf89') in 0.008490 seconds
  Import took 0.012463 seconds .

========================================================================
Received Import Request.
  Time since last request: 0.025416 seconds.
  path: Assets/Scenes/Level26.unity
  artifactKey: Guid(6a7775086193f204b898dfb5cdc2da8a) Importer(815301076,1909f56bfc062723c751e8b465ee728b)
Start importing Assets/Scenes/Level26.unity using Guid(6a7775086193f204b898dfb5cdc2da8a) Importer(815301076,1909f56bfc062723c751e8b465ee728b)  -> (artifact id: 'd52c5944604f1115304ab3e2e9902ce8') in 0.009793 seconds
  Import took 0.014424 seconds .

========================================================================
Received Import Request.
  Time since last request: 0.008979 seconds.
  path: Assets/Scenes/Level6.unity
  artifactKey: Guid(60a35af27201a6b498df8cf1e8d84440) Importer(815301076,1909f56bfc062723c751e8b465ee728b)
Start importing Assets/Scenes/Level6.unity using Guid(60a35af27201a6b498df8cf1e8d84440) Importer(815301076,1909f56bfc062723c751e8b465ee728b)  -> (artifact id: '87955d7b8f6d4cfdfaa19afc5069e93e') in 0.010047 seconds
  Import took 0.014517 seconds .

========================================================================
Received Import Request.
  Time since last request: 0.008091 seconds.
  path: Assets/Scenes/Level5.unity
  artifactKey: Guid(91fe22eb515622540a066d058ad33326) Importer(815301076,1909f56bfc062723c751e8b465ee728b)
Start importing Assets/Scenes/Level5.unity using Guid(91fe22eb515622540a066d058ad33326) Importer(815301076,1909f56bfc062723c751e8b465ee728b)  -> (artifact id: '4dc994412151253f1c10aca4c06b4d83') in 0.009102 seconds
  Import took 0.013060 seconds .

========================================================================
Received Import Request.
  Time since last request: 0.015766 seconds.
  path: Assets/TextMesh Pro/Shaders/TMP_Sprite.shader
  artifactKey: Guid(cf81c85f95fe47e1a27f6ae460cf182c) Importer(815301076,1909f56bfc062723c751e8b465ee728b)
Start importing Assets/TextMesh Pro/Shaders/TMP_Sprite.shader using Guid(cf81c85f95fe47e1a27f6ae460cf182c) Importer(815301076,1909f56bfc062723c751e8b465ee728b)  -> (artifact id: '92cf73fe4a21e32faf43b000e7905cad') in 0.009547 seconds
  Import took 0.014276 seconds .

========================================================================
Received Import Request.
  Time since last request: 0.008297 seconds.
  path: Assets/TextMesh Pro/Shaders/TMPro_Mobile.cginc
  artifactKey: Guid(c334973cef89a9840b0b0c507e0377ab) Importer(815301076,1909f56bfc062723c751e8b465ee728b)
Start importing Assets/TextMesh Pro/Shaders/TMPro_Mobile.cginc using Guid(c334973cef89a9840b0b0c507e0377ab) Importer(815301076,1909f56bfc062723c751e8b465ee728b)  -> (artifact id: '102d12d016e3be72bf910053ca7eef47') in 0.014077 seconds
  Import took 0.019425 seconds .

========================================================================
Received Import Request.
  Time since last request: 0.009227 seconds.
  path: Assets/TextMesh Pro/Shaders/TMP_SDF-Mobile Masking.shader
  artifactKey: Guid(bc1ede39bf3643ee8e493720e4259791) Importer(815301076,1909f56bfc062723c751e8b465ee728b)
Start importing Assets/TextMesh Pro/Shaders/TMP_SDF-Mobile Masking.shader using Guid(bc1ede39bf3643ee8e493720e4259791) Importer(815301076,1909f56bfc062723c751e8b465ee728b)  -> (artifact id: '3f4d2ea3fe5ab69543ab268da0689a2f') in 0.006480 seconds
  Import took 0.010139 seconds .

========================================================================
Received Import Request.
  Time since last request: 0.009626 seconds.
  path: Assets/TextMesh Pro/Resources/Fonts & Materials/IndieFlower-Regular SDF.asset
  artifactKey: Guid(6d80a44919ddd4747bdcb053af535b12) Importer(815301076,1909f56bfc062723c751e8b465ee728b)
Start importing Assets/TextMesh Pro/Resources/Fonts & Materials/IndieFlower-Regular SDF.asset using Guid(6d80a44919ddd4747bdcb053af535b12) Importer(815301076,1909f56bfc062723c751e8b465ee728b)  -> (artifact id: 'e83e4553b058eb3f2bf09bb422bebf41') in 0.055313 seconds
  Import took 0.059775 seconds .

========================================================================
Received Import Request.
  Time since last request: 0.024851 seconds.
  path: Assets/TextMesh Pro/Sprites/EmojiOne Attribution.txt
  artifactKey: Guid(381dcb09d5029d14897e55f98031fca5) Importer(815301076,1909f56bfc062723c751e8b465ee728b)
Start importing Assets/TextMesh Pro/Sprites/EmojiOne Attribution.txt using Guid(381dcb09d5029d14897e55f98031fca5) Importer(815301076,1909f56bfc062723c751e8b465ee728b)  -> (artifact id: '5c20341e6826e1179b0da9f364300109') in 0.007721 seconds
  Import took 0.012199 seconds .

========================================================================
Received Import Request.
  Time since last request: 0.008379 seconds.
  path: Assets/Scenes/Level8.unity
  artifactKey: Guid(92a87b88156574d4085a72b103c21424) Importer(815301076,1909f56bfc062723c751e8b465ee728b)
Start importing Assets/Scenes/Level8.unity using Guid(92a87b88156574d4085a72b103c21424) Importer(815301076,1909f56bfc062723c751e8b465ee728b)  -> (artifact id: '9c715994ef76a9c4a23c6ccf092628f2') in 0.007044 seconds
  Import took 0.011054 seconds .

========================================================================
Received Import Request.
  Time since last request: 0.027947 seconds.
  path: Assets/TextMesh Pro/Shaders/TMP_SDF-Surface.shader
  artifactKey: Guid(f7ada0af4f174f0694ca6a487b8f543d) Importer(815301076,1909f56bfc062723c751e8b465ee728b)
Start importing Assets/TextMesh Pro/Shaders/TMP_SDF-Surface.shader using Guid(f7ada0af4f174f0694ca6a487b8f543d) Importer(815301076,1909f56bfc062723c751e8b465ee728b)  -> (artifact id: '668de0ab1f706fcf55a72bf15aebbb27') in 0.006549 seconds
  Import took 0.010879 seconds .

========================================================================
Received Import Request.
  Time since last request: 0.056778 seconds.
  path: Assets/Scenes/Level32.unity
  artifactKey: Guid(49adcdcffa42dcf4f801f30c021044e3) Importer(815301076,1909f56bfc062723c751e8b465ee728b)
Start importing Assets/Scenes/Level32.unity using Guid(49adcdcffa42dcf4f801f30c021044e3) Importer(815301076,1909f56bfc062723c751e8b465ee728b)  -> (artifact id: '2a53a31dc3967171df303c8b872dce21') in 0.009507 seconds
  Import took 0.015298 seconds .

========================================================================
Received Import Request.
  Time since last request: 0.014547 seconds.
  path: Assets/Audio/Reset.wav
  artifactKey: Guid(4962ebaa9f57f5b4f8bab39acc1db2c3) Importer(815301076,1909f56bfc062723c751e8b465ee728b)
Start importing Assets/Audio/Reset.wav using Guid(4962ebaa9f57f5b4f8bab39acc1db2c3) Importer(815301076,1909f56bfc062723c751e8b465ee728b)  -> (artifact id: '5375f81056859d444a98b4667dd98c5e') in 0.021581 seconds
  Import took 0.025777 seconds .

========================================================================
Received Import Request.
  Time since last request: 0.010525 seconds.
  path: Assets/Scenes/Level57.unity
  artifactKey: Guid(f4ea835f71770d0498206850ed6b070d) Importer(815301076,1909f56bfc062723c751e8b465ee728b)
Start importing Assets/Scenes/Level57.unity using Guid(f4ea835f71770d0498206850ed6b070d) Importer(815301076,1909f56bfc062723c751e8b465ee728b)  -> (artifact id: '98f80fb0ce1739dd64ff05c22e33083f') in 0.006223 seconds
  Import took 0.009702 seconds .

========================================================================
Received Import Request.
  Time since last request: 0.039947 seconds.
  path: Assets/TextMesh Pro/Fonts/Righteous-OFL.txt
  artifactKey: Guid(a09a6b6c14305eb4d95ea3957420534e) Importer(815301076,1909f56bfc062723c751e8b465ee728b)
Start importing Assets/TextMesh Pro/Fonts/Righteous-OFL.txt using Guid(a09a6b6c14305eb4d95ea3957420534e) Importer(815301076,1909f56bfc062723c751e8b465ee728b)  -> (artifact id: 'a8c1993083d2eb72ae5fa4ca33558a17') in 0.007469 seconds
  Import took 0.011321 seconds .

========================================================================
Received Import Request.
  Time since last request: 0.007086 seconds.
  path: Assets/TextMesh Pro/Shaders/TMP_SDF Overlay.shader
  artifactKey: Guid(dd89cf5b9246416f84610a006f916af7) Importer(815301076,1909f56bfc062723c751e8b465ee728b)
Start importing Assets/TextMesh Pro/Shaders/TMP_SDF Overlay.shader using Guid(dd89cf5b9246416f84610a006f916af7) Importer(815301076,1909f56bfc062723c751e8b465ee728b)  -> (artifact id: 'b4887f0d70098ccabeb8ce35da92bafb') in 0.008262 seconds
  Import took 0.021635 seconds .

========================================================================
Received Import Request.
  Time since last request: 0.016699 seconds.
  path: Assets/TextMesh Pro/Sprites/EmojiOne.png
  artifactKey: Guid(dffef66376be4fa480fb02b19edbe903) Importer(815301076,1909f56bfc062723c751e8b465ee728b)
Start importing Assets/TextMesh Pro/Sprites/EmojiOne.png using Guid(dffef66376be4fa480fb02b19edbe903) Importer(815301076,1909f56bfc062723c751e8b465ee728b)  -> (artifact id: 'ab9fd01b645a197b1d2a47517c2be9ec') in 0.059587 seconds
  Import took 0.064222 seconds .

========================================================================
Received Import Request.
  Time since last request: 0.011952 seconds.
  path: Assets/Scenes/Level2.unity
  artifactKey: Guid(5a81e18d8f21f3d4f857be2305551b94) Importer(815301076,1909f56bfc062723c751e8b465ee728b)
Start importing Assets/Scenes/Level2.unity using Guid(5a81e18d8f21f3d4f857be2305551b94) Importer(815301076,1909f56bfc062723c751e8b465ee728b)  -> (artifact id: '7785027171acb178d921384ec236a4dc') in 0.023262 seconds
  Import took 0.028473 seconds .

========================================================================
Received Import Request.
  Time since last request: 0.053144 seconds.
  path: Assets/Audio/Menu.wav
  artifactKey: Guid(1ed490edf24731b49a1584b1a719242b) Importer(815301076,1909f56bfc062723c751e8b465ee728b)
Start importing Assets/Audio/Menu.wav using Guid(1ed490edf24731b49a1584b1a719242b) Importer(815301076,1909f56bfc062723c751e8b465ee728b)  -> (artifact id: 'c773574d68b0b03f3babd132016c7e80') in 0.016936 seconds
  Import took 0.020144 seconds .

========================================================================
Received Import Request.
  Time since last request: 0.017942 seconds.
  path: Assets/Scenes/Level9.unity
  artifactKey: Guid(d6f8479b55cce694aaca9f649412b05f) Importer(815301076,1909f56bfc062723c751e8b465ee728b)
Start importing Assets/Scenes/Level9.unity using Guid(d6f8479b55cce694aaca9f649412b05f) Importer(815301076,1909f56bfc062723c751e8b465ee728b)  -> (artifact id: 'bf9d67651c3f811b7f4428603071bcf8') in 0.008857 seconds
  Import took 0.012120 seconds .

========================================================================
Received Import Request.
  Time since last request: 0.044597 seconds.
  path: Assets/Scenes/Level21.unity
  artifactKey: Guid(147a1ad2ebe8ae841914d272c4f54bd7) Importer(815301076,1909f56bfc062723c751e8b465ee728b)
Start importing Assets/Scenes/Level21.unity using Guid(147a1ad2ebe8ae841914d272c4f54bd7) Importer(815301076,1909f56bfc062723c751e8b465ee728b)  -> (artifact id: '1e8e799cdee839581d3f34fdaa7d3abf') in 0.009383 seconds
  Import took 0.013784 seconds .

========================================================================
Received Import Request.
  Time since last request: 0.040257 seconds.
  path: Assets/Scenes/Level14.unity
  artifactKey: Guid(28c269d8554476d478df3695c319f8c5) Importer(815301076,1909f56bfc062723c751e8b465ee728b)
Start importing Assets/Scenes/Level14.unity using Guid(28c269d8554476d478df3695c319f8c5) Importer(815301076,1909f56bfc062723c751e8b465ee728b)  -> (artifact id: 'ae6d875182bf05c5a36886ca14d8f89e') in 0.011060 seconds
  Import took 0.015539 seconds .

========================================================================
Received Import Request.
  Time since last request: 0.021373 seconds.
  path: Assets/Scenes/Level27.unity
  artifactKey: Guid(75371196bca8f7b48b869622a40c5d84) Importer(815301076,1909f56bfc062723c751e8b465ee728b)
Start importing Assets/Scenes/Level27.unity using Guid(75371196bca8f7b48b869622a40c5d84) Importer(815301076,1909f56bfc062723c751e8b465ee728b)  -> (artifact id: 'ff4b7ae83898fcfa6e5591a129c5dba2') in 0.014927 seconds
  Import took 0.023270 seconds .

========================================================================
Received Import Request.
  Time since last request: 0.021688 seconds.
  path: Assets/Audio/Transition.wav
  artifactKey: Guid(4ce95944b727d6749a47a0617583034e) Importer(815301076,1909f56bfc062723c751e8b465ee728b)
Start importing Assets/Audio/Transition.wav using Guid(4ce95944b727d6749a47a0617583034e) Importer(815301076,1909f56bfc062723c751e8b465ee728b)  -> (artifact id: '6b9bee293e27e5eff48df57b682cce4e') in 0.018503 seconds
  Import took 0.023539 seconds .

========================================================================
Received Import Request.
  Time since last request: 0.051254 seconds.
  path: Assets/TextMesh Pro/Shaders/TMP_Bitmap-Mobile.shader
  artifactKey: Guid(1e3b057af24249748ff873be7fafee47) Importer(815301076,1909f56bfc062723c751e8b465ee728b)
Start importing Assets/TextMesh Pro/Shaders/TMP_Bitmap-Mobile.shader using Guid(1e3b057af24249748ff873be7fafee47) Importer(815301076,1909f56bfc062723c751e8b465ee728b)  -> (artifact id: 'ec6b6a94a98f7f29c019d7298a4d5a60') in 0.006575 seconds
  Import took 0.010621 seconds .

========================================================================
Received Import Request.
  Time since last request: 0.008140 seconds.
  path: Assets/TextMesh Pro/Shaders/TMP_SDF-Mobile Overlay.shader
  artifactKey: Guid(a02a7d8c237544f1962732b55a9aebf1) Importer(815301076,1909f56bfc062723c751e8b465ee728b)
Start importing Assets/TextMesh Pro/Shaders/TMP_SDF-Mobile Overlay.shader using Guid(a02a7d8c237544f1962732b55a9aebf1) Importer(815301076,1909f56bfc062723c751e8b465ee728b)  -> (artifact id: 'a99ee6890329d47bd88cf262ec17e296') in 0.006380 seconds
  Import took 0.009992 seconds .

========================================================================
Received Import Request.
  Time since last request: 0.013449 seconds.
  path: Assets/Scenes/Level22.unity
  artifactKey: Guid(0a7db5d9b7ff48143a834607c084be36) Importer(815301076,1909f56bfc062723c751e8b465ee728b)
Start importing Assets/Scenes/Level22.unity using Guid(0a7db5d9b7ff48143a834607c084be36) Importer(815301076,1909f56bfc062723c751e8b465ee728b)  -> (artifact id: 'd907aeb4601a4987afc1cd7ddb8c2077') in 0.006556 seconds
  Import took 0.010510 seconds .

========================================================================
Received Import Request.
  Time since last request: 0.007327 seconds.
  path: Assets/Scenes/Level33.unity
  artifactKey: Guid(6af21fb370a92614284665c494857802) Importer(815301076,1909f56bfc062723c751e8b465ee728b)
Start importing Assets/Scenes/Level33.unity using Guid(6af21fb370a92614284665c494857802) Importer(815301076,1909f56bfc062723c751e8b465ee728b)  -> (artifact id: '36ee368f4882c2a5d44ca9efa904a6df') in 0.008350 seconds
  Import took 0.013077 seconds .

========================================================================
Received Import Request.
  Time since last request: 0.013030 seconds.
  path: Assets/Audio/Move.wav
  artifactKey: Guid(809699e8ddc766743882117ac0a9dc54) Importer(815301076,1909f56bfc062723c751e8b465ee728b)
Start importing Assets/Audio/Move.wav using Guid(809699e8ddc766743882117ac0a9dc54) Importer(815301076,1909f56bfc062723c751e8b465ee728b)  -> (artifact id: '317b0e03f8525d3b439028e6aa9f1199') in 0.028033 seconds
  Import took 0.031890 seconds .

========================================================================
Received Import Request.
  Time since last request: 0.020251 seconds.
  path: Assets/Scripts/BoardSlot.cs
  artifactKey: Guid(4736e31aceae4ff45b2876abb124f31b) Importer(815301076,1909f56bfc062723c751e8b465ee728b)
Start importing Assets/Scripts/BoardSlot.cs using Guid(4736e31aceae4ff45b2876abb124f31b) Importer(815301076,1909f56bfc062723c751e8b465ee728b)  -> (artifact id: 'fb5745c054f0899a3f6c8b02b41dc334') in 0.025570 seconds
  Import took 0.029889 seconds .

========================================================================
Received Import Request.
  Time since last request: 0.012634 seconds.
  path: Assets/Audio/Load.wav
  artifactKey: Guid(b3fafbd271a4c7347b1ada2463e91819) Importer(815301076,1909f56bfc062723c751e8b465ee728b)
Start importing Assets/Audio/Load.wav using Guid(b3fafbd271a4c7347b1ada2463e91819) Importer(815301076,1909f56bfc062723c751e8b465ee728b)  -> (artifact id: 'b3713aea997e6ef4166a44e2a6a0010c') in 0.024258 seconds
  Import took 0.028155 seconds .

========================================================================
Received Import Request.
  Time since last request: 0.011475 seconds.
  path: Assets/TextMesh Pro/Resources/LineBreaking Leading Characters.txt
  artifactKey: Guid(d82c1b31c7e74239bff1220585707d2b) Importer(815301076,1909f56bfc062723c751e8b465ee728b)
Start importing Assets/TextMesh Pro/Resources/LineBreaking Leading Characters.txt using Guid(d82c1b31c7e74239bff1220585707d2b) Importer(815301076,1909f56bfc062723c751e8b465ee728b)  -> (artifact id: 'b6dc5b550c75ed084a0468f34def66ae') in 0.009699 seconds
  Import took 0.013536 seconds .

AssetImportWorkerClient::OnTransportError - code=2 error=End of file
